<?xml version="1.0" encoding="UTF-8"?>
<!-- Generated by org.testng.reporters.JUnitReportReporter -->
<testsuite hostname="DESKTOP-2FJ9JMP" failures="0" tests="1" name="hello.SampleTest" time="171.428" errors="0" timestamp="2023-11-30T13:13:28 IST" skipped="0">
  <testcase classname="hello.SampleTest" name="mtest" time="171.428"/>
  <system-out/>
</testsuite> <!-- hello.SampleTest -->
