<?xml version="1.0" encoding="UTF-8"?>
<!-- Generated by org.testng.reporters.JUnitReportReporter -->
<testsuite hostname="DESKTOP-2FJ9JMP" failures="0" tests="1" name="hello.SampleTest" time="190.848" errors="0" timestamp="2023-11-30T15:30:41 IST" skipped="0">
  <testcase classname="hello.SampleTest" name="mtest" time="190.848"/>
  <system-out/>
</testsuite> <!-- hello.SampleTest -->
