<?xml version="1.0" encoding="UTF-8"?>
<!-- Generated by org.testng.reporters.JUnitReportReporter -->
<testsuite hostname="DESKTOP-2FJ9JMP" failures="0" tests="1" name="hello.SampleTest" time="150.717" errors="0" timestamp="2023-11-30T12:43:06 IST" skipped="0">
  <testcase classname="hello.SampleTest" name="mtest" time="150.717"/>
  <system-out/>
</testsuite> <!-- hello.SampleTest -->
