<?xml version="1.0" encoding="UTF-8"?>
<!-- Generated by org.testng.reporters.JUnitReportReporter -->
<testsuite hostname="DESKTOP-2FJ9JMP" failures="0" tests="1" name="hello.Launch_browserTest" time="157.059" errors="0" timestamp="2023-11-30T10:44:43 IST" skipped="0">
  <testcase classname="hello.Launch_browserTest" name="test1" time="157.059"/>
  <system-out/>
</testsuite> <!-- hello.Launch_browserTest -->
